Joshua Campbell 
Log for PHZ 3150, Fall 2025
*****IN: 21:35 8/26/2025
Working on HW1
Problem 1:

UCF Physics PHZ 3150: Introduction to Numerical Computing

           Name: Joshua Campbell
          Email: joshcamp2004@gmail.com
	  Phone: 8134009285
          Major: Aerospace Engineering
           Year: 4th
             ID: 5468487

How did you hear about this course? Researching online

Do you have a laptop you can bring to class, install software on, etc.? Yes

What operating system and version does it run? Windows 11 on both my laptop and my PC at my apartment

How much free disk space does it have? 100gigs on laptop a 1tb on PC

What operating systems are you comfortable working in? Windows only

What computer classes have you taken, including high school,
extracurricular, etc.? I have taken an intro to C and an intro to Python both at UCF

Have you ever programmed a computer? Yes

   In what language(s)? Python and C

   Summarize your experience: I was able to learn the basics, but not much application

Have you taken statistics or probability? Yes. I have taken 2 statistics courses

Why are you taking this course? I am taking this course to broaden my knowledge of coding applications

Are there particular topics you hope to learn? I am interested to learn how to do mathematics within coding

If you have worked with scientific data or modeling before, briefly
describe your experience: I have only ever played around with it for research projects in engineering. I have barely any expirience. 

Have you ever been involved with a science club or similar?  If so,
describe: I follow along a few clubs including KXR, but I have no free time between work and classes to spend being active within clubs. 

Problem 2:
Downloaded GitHub Desktop from: https://desktop.github.com/download/
Downloaded Anaconda from: https://www.anaconda.com/download/success
Screenshot of Jupyter Notebook was screenshotted by using the shortcut Win+Shift+S feature
My python version is version 3
*****OUT: 22:47 8/26/2025